C:\USERS\PAVEL_BORISOVICH\DOCUMENTS\VISUAL STUDIO 2012\PROJECTS\TCHML_LAB1\TCHML_LAB1\DEBUG\STDAFX.OBJ
C:\USERS\PAVEL_BORISOVICH\DOCUMENTS\VISUAL STUDIO 2012\PROJECTS\TCHML_LAB1\TCHML_LAB1\DEBUG\VC110.PDB
C:\USERS\PAVEL_BORISOVICH\DOCUMENTS\VISUAL STUDIO 2012\PROJECTS\TCHML_LAB1\TCHML_LAB1\DEBUG\TCHML_LAB1.OBJ
C:\USERS\PAVEL_BORISOVICH\DOCUMENTS\VISUAL STUDIO 2012\PROJECTS\TCHML_LAB1\DEBUG\TCHML_LAB1.ILK
C:\USERS\PAVEL_BORISOVICH\DOCUMENTS\VISUAL STUDIO 2012\PROJECTS\TCHML_LAB1\DEBUG\TCHML_LAB1.EXE
C:\USERS\PAVEL_BORISOVICH\DOCUMENTS\VISUAL STUDIO 2012\PROJECTS\TCHML_LAB1\DEBUG\TCHML_LAB1.PDB
C:\Users\pavel_borisovich\Documents\Visual Studio 2012\Projects\Tchml_Lab1\Tchml_Lab1\Debug\stdafx.obj
C:\Users\pavel_borisovich\Documents\Visual Studio 2012\Projects\Tchml_Lab1\Tchml_Lab1\Debug\Tchml_Lab1.obj
C:\Users\pavel_borisovich\Documents\Visual Studio 2012\Projects\Tchml_Lab1\Tchml_Lab1\Debug\cl.command.1.tlog
C:\Users\pavel_borisovich\Documents\Visual Studio 2012\Projects\Tchml_Lab1\Tchml_Lab1\Debug\CL.read.1.tlog
C:\Users\pavel_borisovich\Documents\Visual Studio 2012\Projects\Tchml_Lab1\Tchml_Lab1\Debug\CL.write.1.tlog
C:\Users\pavel_borisovich\Documents\Visual Studio 2012\Projects\Tchml_Lab1\Tchml_Lab1\Debug\link-cvtres.read.1.tlog
C:\Users\pavel_borisovich\Documents\Visual Studio 2012\Projects\Tchml_Lab1\Tchml_Lab1\Debug\link-cvtres.write.1.tlog
C:\Users\pavel_borisovich\Documents\Visual Studio 2012\Projects\Tchml_Lab1\Tchml_Lab1\Debug\link-rc.read.1.tlog
C:\Users\pavel_borisovich\Documents\Visual Studio 2012\Projects\Tchml_Lab1\Tchml_Lab1\Debug\link-rc.write.1.tlog
C:\Users\pavel_borisovich\Documents\Visual Studio 2012\Projects\Tchml_Lab1\Tchml_Lab1\Debug\link.1004-cvtres.read.1.tlog
C:\Users\pavel_borisovich\Documents\Visual Studio 2012\Projects\Tchml_Lab1\Tchml_Lab1\Debug\link.1004-cvtres.write.1.tlog
C:\Users\pavel_borisovich\Documents\Visual Studio 2012\Projects\Tchml_Lab1\Tchml_Lab1\Debug\link.1004-rc.read.1.tlog
C:\Users\pavel_borisovich\Documents\Visual Studio 2012\Projects\Tchml_Lab1\Tchml_Lab1\Debug\link.1004-rc.write.1.tlog
C:\Users\pavel_borisovich\Documents\Visual Studio 2012\Projects\Tchml_Lab1\Tchml_Lab1\Debug\link.1004.read.1.tlog
C:\Users\pavel_borisovich\Documents\Visual Studio 2012\Projects\Tchml_Lab1\Tchml_Lab1\Debug\link.1004.write.1.tlog
C:\Users\pavel_borisovich\Documents\Visual Studio 2012\Projects\Tchml_Lab1\Tchml_Lab1\Debug\link.1524-cvtres.read.1.tlog
C:\Users\pavel_borisovich\Documents\Visual Studio 2012\Projects\Tchml_Lab1\Tchml_Lab1\Debug\link.1524-cvtres.write.1.tlog
C:\Users\pavel_borisovich\Documents\Visual Studio 2012\Projects\Tchml_Lab1\Tchml_Lab1\Debug\link.1524-rc.read.1.tlog
C:\Users\pavel_borisovich\Documents\Visual Studio 2012\Projects\Tchml_Lab1\Tchml_Lab1\Debug\link.1524-rc.write.1.tlog
C:\Users\pavel_borisovich\Documents\Visual Studio 2012\Projects\Tchml_Lab1\Tchml_Lab1\Debug\link.1524.read.1.tlog
C:\Users\pavel_borisovich\Documents\Visual Studio 2012\Projects\Tchml_Lab1\Tchml_Lab1\Debug\link.1524.write.1.tlog
C:\Users\pavel_borisovich\Documents\Visual Studio 2012\Projects\Tchml_Lab1\Tchml_Lab1\Debug\link.2588-cvtres.read.1.tlog
C:\Users\pavel_borisovich\Documents\Visual Studio 2012\Projects\Tchml_Lab1\Tchml_Lab1\Debug\link.2588-cvtres.write.1.tlog
C:\Users\pavel_borisovich\Documents\Visual Studio 2012\Projects\Tchml_Lab1\Tchml_Lab1\Debug\link.2588-rc.read.1.tlog
C:\Users\pavel_borisovich\Documents\Visual Studio 2012\Projects\Tchml_Lab1\Tchml_Lab1\Debug\link.2588-rc.write.1.tlog
C:\Users\pavel_borisovich\Documents\Visual Studio 2012\Projects\Tchml_Lab1\Tchml_Lab1\Debug\link.2588.read.1.tlog
C:\Users\pavel_borisovich\Documents\Visual Studio 2012\Projects\Tchml_Lab1\Tchml_Lab1\Debug\link.2588.write.1.tlog
C:\Users\pavel_borisovich\Documents\Visual Studio 2012\Projects\Tchml_Lab1\Tchml_Lab1\Debug\link.3152-cvtres.read.1.tlog
C:\Users\pavel_borisovich\Documents\Visual Studio 2012\Projects\Tchml_Lab1\Tchml_Lab1\Debug\link.3152-cvtres.write.1.tlog
C:\Users\pavel_borisovich\Documents\Visual Studio 2012\Projects\Tchml_Lab1\Tchml_Lab1\Debug\link.3152-rc.read.1.tlog
C:\Users\pavel_borisovich\Documents\Visual Studio 2012\Projects\Tchml_Lab1\Tchml_Lab1\Debug\link.3152-rc.write.1.tlog
C:\Users\pavel_borisovich\Documents\Visual Studio 2012\Projects\Tchml_Lab1\Tchml_Lab1\Debug\link.3152.read.1.tlog
C:\Users\pavel_borisovich\Documents\Visual Studio 2012\Projects\Tchml_Lab1\Tchml_Lab1\Debug\link.3152.write.1.tlog
C:\Users\pavel_borisovich\Documents\Visual Studio 2012\Projects\Tchml_Lab1\Tchml_Lab1\Debug\link.3812-cvtres.read.1.tlog
C:\Users\pavel_borisovich\Documents\Visual Studio 2012\Projects\Tchml_Lab1\Tchml_Lab1\Debug\link.3812-cvtres.write.1.tlog
C:\Users\pavel_borisovich\Documents\Visual Studio 2012\Projects\Tchml_Lab1\Tchml_Lab1\Debug\link.3812-rc.read.1.tlog
C:\Users\pavel_borisovich\Documents\Visual Studio 2012\Projects\Tchml_Lab1\Tchml_Lab1\Debug\link.3812-rc.write.1.tlog
C:\Users\pavel_borisovich\Documents\Visual Studio 2012\Projects\Tchml_Lab1\Tchml_Lab1\Debug\link.3812.read.1.tlog
C:\Users\pavel_borisovich\Documents\Visual Studio 2012\Projects\Tchml_Lab1\Tchml_Lab1\Debug\link.3812.write.1.tlog
C:\Users\pavel_borisovich\Documents\Visual Studio 2012\Projects\Tchml_Lab1\Tchml_Lab1\Debug\link.command.1.tlog
C:\Users\pavel_borisovich\Documents\Visual Studio 2012\Projects\Tchml_Lab1\Tchml_Lab1\Debug\link.read.1.tlog
C:\Users\pavel_borisovich\Documents\Visual Studio 2012\Projects\Tchml_Lab1\Tchml_Lab1\Debug\link.write.1.tlog
C:\Users\pavel_borisovich\Documents\Visual Studio 2012\Projects\Tchml_Lab1\Tchml_Lab1\Debug\vc110.idb
C:\Users\pavel_borisovich\Documents\Visual Studio 2012\Projects\Tchml_Lab1\Tchml_Lab1\Debug\vc110.pdb
C:\Users\pavel_borisovich\Documents\Visual Studio 2012\Projects\Tchml_Lab1\Debug\Tchml_Lab1.pdb
C:\Users\pavel_borisovich\Documents\Visual Studio 2012\Projects\Tchml_Lab1\Debug\Tchml_Lab1.exe
C:\Users\pavel_borisovich\Documents\Visual Studio 2012\Projects\Tchml_Lab1\Debug\Tchml_Lab1.ilk
